<?xml version="1.0" encoding="UTF-8"?>
<!-- Generated by org.testng.reporters.JUnitReportReporter -->
<testsuite hostname="DESKTOP-8EPSR7M" failures="0" tests="1" name="RainTest" time="40.703" errors="0" timestamp="5 Sep 2024 04:47:24 GMT">
  <testcase classname="RainTest" name="test1" time="40.703"/>
</testsuite> <!-- RainTest -->
