<?xml version="1.0" encoding="UTF-8"?>
<!-- Generated by org.testng.reporters.JUnitReportReporter -->
<testsuite hostname="DESKTOP-8EPSR7M" failures="0" tests="4" name="TestNGTests.TestNGPriority" time="0.069" errors="0" timestamp="5 Sep 2024 12:35:19 GMT">
  <testcase classname="TestNGTests.TestNGPriority" name="test4" time="0.004"/>
  <testcase classname="TestNGTests.TestNGPriority" name="test2" time="0.002"/>
  <testcase classname="TestNGTests.TestNGPriority" name="test3" time="0.057"/>
  <testcase classname="TestNGTests.TestNGPriority" name="test1" time="0.006"/>
</testsuite> <!-- TestNGTests.TestNGPriority -->
