<?xml version="1.0" encoding="UTF-8"?>
<!-- Generated by org.testng.reporters.JUnitReportReporter -->
<testsuite hostname="DESKTOP-8EPSR7M" failures="0" tests="3" name="AilivateAi" time="19.177" errors="0" timestamp="6 Sep 2024 14:31:43 GMT">
  <testcase classname="AilivateAi" name="test1" time="6.233"/>
  <testcase classname="AilivateAi" name="test1" time="6.821"/>
  <testcase classname="AilivateAi" name="test1" time="6.123"/>
</testsuite> <!-- AilivateAi -->
