<?xml version="1.0" encoding="UTF-8"?>
<!-- Generated by org.testng.reporters.JUnitReportReporter -->
<testsuite hostname="DESKTOP-8EPSR7M" failures="0" tests="2" name="TestNGTests.TestNGEnable" time="0.034" errors="0" timestamp="5 Sep 2024 12:38:27 GMT">
  <testcase classname="TestNGTests.TestNGEnable" name="test4" time="0.003"/>
  <testcase classname="TestNGTests.TestNGEnable" name="test3" time="0.031"/>
</testsuite> <!-- TestNGTests.TestNGEnable -->
