<?xml version="1.0" encoding="UTF-8"?>
<!-- Generated by org.testng.reporters.JUnitReportReporter -->
<testsuite hostname="DESKTOP-8EPSR7M" failures="0" tests="3" name="TestNGTests.TestNGInvocationCount" time="0.035" errors="0" timestamp="5 Sep 2024 12:36:24 GMT">
  <testcase classname="TestNGTests.TestNGInvocationCount" name="test1" time="0.030"/>
  <testcase classname="TestNGTests.TestNGInvocationCount" name="test1" time="0.002"/>
  <testcase classname="TestNGTests.TestNGInvocationCount" name="test4" time="0.003"/>
</testsuite> <!-- TestNGTests.TestNGInvocationCount -->
